<?xml version="1.0" encoding="UTF-8"?>
<!-- Generated by org.testng.reporters.JUnitXMLReporter -->
<testsuite ignored="2" hostname="DESKTOP-NB17RKO" failures="1" tests="2" name="Test(failed)(failed)" time="0.097" errors="0" timestamp="2025-01-08T19:56:12 IST">
  <testcase classname="TestNgframework.ClassA" name="TC7" time="0.027">
    <failure type="java.lang.AssertionError" message="null">
      <![CDATA[java.lang.AssertionError: null
at TestNgframework.ClassA.TC7(ClassA.java:21)
at java.base/java.util.ArrayList.forEach(ArrayList.java:1597)
... Removed 27 stack frames]]>
    </failure>
  </testcase> <!-- TC7 -->
  <testcase classname="TestNgframework.ClassA" name="TC5" time="0.002"/>
  <testcase classname="TestNgframework.ClassA" name="TC8" time="0.0">
    <ignored/>
  </testcase> <!-- TC8 -->
  <testcase classname="TestNgframework.ClassA" name="TC6" time="0.0">
    <ignored/>
  </testcase> <!-- TC6 -->
</testsuite> <!-- Test(failed)(failed) -->
