<?xml version="1.0" encoding="UTF-8"?>
<!-- Generated by org.testng.reporters.JUnitXMLReporter -->
<testsuite ignored="0" hostname="DESKTOP-NB17RKO" failures="1" tests="6" name="loginTest" time="0.432" errors="0" timestamp="2025-01-08T19:29:13 IST">
  <testcase classname="TestNgframework.Report" name="generateReport" time="0.064"/>
  <testcase classname="TestNgframework.Report" name="generateReport1" time="0.014"/>
  <testcase classname="TestNgframework.Annotation" name="validateLoginPage" time="0.009"/>
  <testcase classname="TestNgframework.TestNgKeyword" name="Login" time="0.018">
    <failure type="java.lang.AssertionError" message="null">
      <![CDATA[java.lang.AssertionError: null
at TestNgframework.TestNgKeyword.Login(TestNgKeyword.java:13)
at java.base/java.util.ArrayList.forEach(ArrayList.java:1597)
... Removed 27 stack frames]]>
    </failure>
  </testcase> <!-- Login -->
  <testcase classname="TestNgframework.TestNgKeyword" name="Logout" time="0.0">
    <skipped/>
  </testcase> <!-- Logout -->
  <testcase classname="TestNgframework.TestNgKeyword" name="VerifyPin" time="0.009"/>
</testsuite> <!-- loginTest -->
