<?xml version="1.0" encoding="UTF-8"?>
<!-- Generated by org.testng.reporters.JUnitXMLReporter -->
<testsuite ignored="1" hostname="DESKTOP-NB17RKO" failures="2" tests="3" name="Test(failed)" time="0.089" errors="0" timestamp="2025-01-08T19:58:22 IST">
  <testcase classname="TestNgframework.ClassA" name="TC7" time="0.017">
    <failure type="java.lang.AssertionError" message="null">
      <![CDATA[java.lang.AssertionError: null
at TestNgframework.ClassA.TC7(ClassA.java:21)
at java.base/java.util.ArrayList.forEach(ArrayList.java:1597)
... Removed 27 stack frames]]>
    </failure>
  </testcase> <!-- TC7 -->
  <testcase classname="TestNgframework.ClassA" name="TC8" time="0.002">
    <failure type="java.lang.AssertionError" message="null">
      <![CDATA[java.lang.AssertionError: null
at TestNgframework.ClassA.TC8(ClassA.java:28)
at java.base/java.util.ArrayList.forEach(ArrayList.java:1597)
... Removed 27 stack frames]]>
    </failure>
  </testcase> <!-- TC8 -->
  <testcase classname="TestNgframework.ClassA" name="TC5" time="0.003"/>
  <testcase classname="TestNgframework.ClassA" name="TC6" time="0.0">
    <ignored/>
  </testcase> <!-- TC6 -->
</testsuite> <!-- Test(failed) -->
