<?xml version="1.0" encoding="UTF-8"?>
<testng-results ignored="0" total="2" passed="2" failed="0" skipped="0">
  <reporter-output>
  </reporter-output>
  <suite started-at="2025-01-08T20:11:24 IST" name="Suite" finished-at="2025-01-08T20:11:36 IST" duration-ms="11381">
    <groups>
    </groups>
    <test started-at="2025-01-08T20:11:24 IST" name="Test1" finished-at="2025-01-08T20:11:30 IST" duration-ms="5528">
      <class name="ParallelExecution.test1">
        <test-method signature="test()[pri:0, instance:ParallelExecution.test1@5e0826e7]" started-at="2025-01-08T20:11:24 IST" name="test" finished-at="2025-01-08T20:11:30 IST" duration-ms="5458" status="PASS">
          <reporter-output>
          </reporter-output>
        </test-method> <!-- test -->
      </class> <!-- ParallelExecution.test1 -->
    </test> <!-- Test1 -->
    <test started-at="2025-01-08T20:11:30 IST" name="Test" finished-at="2025-01-08T20:11:36 IST" duration-ms="5712">
      <class name="ParallelExecution.test2">
        <test-method signature="test()[pri:0, instance:ParallelExecution.test2@1b7cc17c]" started-at="2025-01-08T20:11:30 IST" name="test" finished-at="2025-01-08T20:11:36 IST" duration-ms="5701" status="PASS">
          <reporter-output>
          </reporter-output>
        </test-method> <!-- test -->
      </class> <!-- ParallelExecution.test2 -->
    </test> <!-- Test -->
  </suite> <!-- Suite -->
</testng-results>
